Calling IPN Script ***********========
Inside IPN Success...
a:0:{}

Calling IPN Script ***********========
Inside IPN Success...
a:0:{}

Calling IPN Script ***********========
Inside IPN Success...
a:0:{}

Calling IPN Script ***********========
Inside IPN Success...
a:0:{}

Calling IPN Script ***********========
Inside IPN Success...
a:0:{}

Calling IPN Script ***********========
Inside IPN Success...
a:0:{}

UPDATE ideacoil_idea SET pay_status=1 WHERE idea_id=''
Calling IPN Script ***********========
Calling IPN Script ***********========
Calling IPN Script ***********========
Calling IPN Script ***********========
Calling IPN Script ***********========
Calling IPN Script ***********========
Inside IPN Success...
a:0:{}

UPDATE ideacoil_idea SET pay_status=1 WHERE idea_id=''
Calling IPN Script ***********========
Calling IPN Script ***********========
Calling IPN Script ***********========
Calling IPN Script ***********========
Calling IPN Script ***********========
Calling IPN Script ***********========
Calling IPN Script ***********========
Calling IPN Script ***********========
Calling IPN Script ***********========
Calling IPN Script ***********========
Calling IPN Script ***********========
Calling IPN Script ***********========
Calling IPN Script ***********========
Calling IPN Script ***********========
Calling IPN Script ***********========
Calling IPN Script ***********========
Calling IPN Script ***********========
Calling IPN Script ***********========
Calling IPN Script ***********========
Calling IPN Script ***********========
Calling IPN Script ***********========
Calling IPN Script ***********========
Calling IPN Script ***********========
Calling IPN Script ***********========
Calling IPN Script ***********========
Calling IPN Script ***********========
Calling IPN Script ***********========
Calling IPN Script ***********========
Calling IPN Script ***********========
Calling IPN Script ***********========
Calling IPN Script ***********========
Calling IPN Script ***********========
Inside IPN Success...
a:42:{s:8:"mc_gross";s:5:"81.12";s:22:"protection_eligibility";s:10:"Ineligible";s:14:"address_status";s:9:"confirmed";s:8:"payer_id";s:13:"AJYUEH2B8U48G";s:3:"tax";s:4:"3.12";s:14:"address_street";s:9:"1 Main St";s:12:"payment_date";s:25:"04:53:45 Jun 27, 2012 PDT";s:14:"payment_status";s:7:"Pending";s:7:"charset";s:12:"windows-1252";s:11:"address_zip";s:5:"95131";s:10:"first_name";s:4:"Test";s:6:"mc_fee";s:4:"2.65";s:20:"address_country_code";s:2:"US";s:12:"address_name";s:9:"Test User";s:14:"notify_version";s:3:"3.4";s:6:"custom";s:2:"42";s:12:"payer_status";s:8:"verified";s:8:"business";s:33:"shanta_1231746943_biz@yahoo.co.in";s:15:"address_country";s:13:"United States";s:12:"address_city";s:8:"San Jose";s:8:"quantity";s:1:"1";s:11:"verify_sign";s:56:"AuYfN93p3jPk.iEX2GxXzmzanWwJAhFt-0os.TzcrzJY45dEWOQBBr7B";s:11:"payer_email";s:36:"dutta__1286253234_per@rediffmail.com";s:6:"txn_id";s:17:"3BG96301LW6818805";s:12:"payment_type";s:7:"instant";s:9:"last_name";s:4:"User";s:13:"address_state";s:2:"CA";s:14:"receiver_email";s:33:"shanta_1231746943_biz@yahoo.co.in";s:11:"payment_fee";s:4:"2.65";s:11:"receiver_id";s:13:"L5XWDJXSLVZQ8";s:14:"pending_reason";s:13:"paymentreview";s:8:"txn_type";s:10:"web_accept";s:9:"item_name";s:15:"Post Idea price";s:11:"mc_currency";s:3:"USD";s:11:"item_number";s:0:"";s:17:"residence_country";s:2:"US";s:8:"test_ipn";s:1:"1";s:15:"handling_amount";s:4:"0.00";s:19:"transaction_subject";s:2:"42";s:13:"payment_gross";s:5:"81.12";s:8:"shipping";s:4:"0.00";s:12:"ipn_track_id";s:11:"ce06d1dac8d";}

UPDATE ideacoil_idea SET pay_status=1 WHERE idea_id='42'
Calling IPN Script ***********========
Inside IPN Success...
a:42:{s:8:"mc_gross";s:5:"81.12";s:22:"protection_eligibility";s:10:"Ineligible";s:14:"address_status";s:9:"confirmed";s:8:"payer_id";s:13:"AJYUEH2B8U48G";s:3:"tax";s:4:"3.12";s:14:"address_street";s:9:"1 Main St";s:12:"payment_date";s:25:"05:15:36 Jun 27, 2012 PDT";s:14:"payment_status";s:7:"Pending";s:7:"charset";s:12:"windows-1252";s:11:"address_zip";s:5:"95131";s:10:"first_name";s:4:"Test";s:6:"mc_fee";s:4:"2.65";s:20:"address_country_code";s:2:"US";s:12:"address_name";s:9:"Test User";s:14:"notify_version";s:3:"3.4";s:6:"custom";s:2:"42";s:12:"payer_status";s:8:"verified";s:8:"business";s:33:"shanta_1231746943_biz@yahoo.co.in";s:15:"address_country";s:13:"United States";s:12:"address_city";s:8:"San Jose";s:8:"quantity";s:1:"1";s:11:"verify_sign";s:56:"AFcWxV21C7fd0v3bYYYRCpSSRl31Abc5lcDYVCqRhW0.kM.KVvagIQoK";s:11:"payer_email";s:36:"dutta__1286253234_per@rediffmail.com";s:6:"txn_id";s:17:"2YX61071NU7150213";s:12:"payment_type";s:7:"instant";s:9:"last_name";s:4:"User";s:13:"address_state";s:2:"CA";s:14:"receiver_email";s:33:"shanta_1231746943_biz@yahoo.co.in";s:11:"payment_fee";s:4:"2.65";s:11:"receiver_id";s:13:"L5XWDJXSLVZQ8";s:14:"pending_reason";s:13:"paymentreview";s:8:"txn_type";s:10:"web_accept";s:9:"item_name";s:15:"Post Idea price";s:11:"mc_currency";s:3:"USD";s:11:"item_number";s:0:"";s:17:"residence_country";s:2:"US";s:8:"test_ipn";s:1:"1";s:15:"handling_amount";s:4:"0.00";s:19:"transaction_subject";s:2:"42";s:13:"payment_gross";s:5:"81.12";s:8:"shipping";s:4:"0.00";s:12:"ipn_track_id";s:13:"190d4c21aa42d";}

UPDATE ideacoil_idea SET pay_status=1 WHERE idea_id='42'
Calling IPN Script ***********========
Inside IPN Success...
a:42:{s:8:"mc_gross";s:5:"81.12";s:22:"protection_eligibility";s:10:"Ineligible";s:14:"address_status";s:9:"confirmed";s:8:"payer_id";s:13:"AJYUEH2B8U48G";s:3:"tax";s:4:"3.12";s:14:"address_street";s:9:"1 Main St";s:12:"payment_date";s:25:"04:55:57 Jun 27, 2012 PDT";s:14:"payment_status";s:7:"Pending";s:7:"charset";s:12:"windows-1252";s:11:"address_zip";s:5:"95131";s:10:"first_name";s:4:"Test";s:6:"mc_fee";s:4:"2.65";s:20:"address_country_code";s:2:"US";s:12:"address_name";s:9:"Test User";s:14:"notify_version";s:3:"3.4";s:6:"custom";s:2:"42";s:12:"payer_status";s:8:"verified";s:8:"business";s:33:"shanta_1231746943_biz@yahoo.co.in";s:15:"address_country";s:13:"United States";s:12:"address_city";s:8:"San Jose";s:8:"quantity";s:1:"1";s:11:"verify_sign";s:56:"AikcKtE3O5t0RY-ru834mq1AQot8APD6AMn2aNmpta28G7S6N5HOVxOU";s:11:"payer_email";s:36:"dutta__1286253234_per@rediffmail.com";s:6:"txn_id";s:17:"40G29262L9234304H";s:12:"payment_type";s:7:"instant";s:9:"last_name";s:4:"User";s:13:"address_state";s:2:"CA";s:14:"receiver_email";s:33:"shanta_1231746943_biz@yahoo.co.in";s:11:"payment_fee";s:4:"2.65";s:11:"receiver_id";s:13:"L5XWDJXSLVZQ8";s:14:"pending_reason";s:13:"paymentreview";s:8:"txn_type";s:10:"web_accept";s:9:"item_name";s:15:"Post Idea price";s:11:"mc_currency";s:3:"USD";s:11:"item_number";s:0:"";s:17:"residence_country";s:2:"US";s:8:"test_ipn";s:1:"1";s:15:"handling_amount";s:4:"0.00";s:19:"transaction_subject";s:2:"42";s:13:"payment_gross";s:5:"81.12";s:8:"shipping";s:4:"0.00";s:12:"ipn_track_id";s:13:"d937f519402bf";}

UPDATE ideacoil_idea SET pay_status=1 WHERE idea_id='42'
Calling IPN Script ***********========
Inside IPN Success...
a:42:{s:8:"mc_gross";s:5:"81.12";s:22:"protection_eligibility";s:10:"Ineligible";s:14:"address_status";s:9:"confirmed";s:8:"payer_id";s:13:"AJYUEH2B8U48G";s:3:"tax";s:4:"3.12";s:14:"address_street";s:9:"1 Main St";s:12:"payment_date";s:25:"04:47:41 Jun 27, 2012 PDT";s:14:"payment_status";s:7:"Pending";s:7:"charset";s:12:"windows-1252";s:11:"address_zip";s:5:"95131";s:10:"first_name";s:4:"Test";s:6:"mc_fee";s:4:"2.65";s:20:"address_country_code";s:2:"US";s:12:"address_name";s:9:"Test User";s:14:"notify_version";s:3:"3.4";s:6:"custom";s:2:"42";s:12:"payer_status";s:8:"verified";s:8:"business";s:33:"shanta_1231746943_biz@yahoo.co.in";s:15:"address_country";s:13:"United States";s:12:"address_city";s:8:"San Jose";s:8:"quantity";s:1:"1";s:11:"verify_sign";s:56:"AmRKdPuK5JNKMAYPEYvQRuffH0fsABiM6PB96MrQ2kU1kGYKv4.JZGQ5";s:11:"payer_email";s:36:"dutta__1286253234_per@rediffmail.com";s:6:"txn_id";s:17:"52646329KB155281L";s:12:"payment_type";s:7:"instant";s:9:"last_name";s:4:"User";s:13:"address_state";s:2:"CA";s:14:"receiver_email";s:33:"shanta_1231746943_biz@yahoo.co.in";s:11:"payment_fee";s:4:"2.65";s:11:"receiver_id";s:13:"L5XWDJXSLVZQ8";s:14:"pending_reason";s:13:"paymentreview";s:8:"txn_type";s:10:"web_accept";s:9:"item_name";s:15:"Post Idea price";s:11:"mc_currency";s:3:"USD";s:11:"item_number";s:0:"";s:17:"residence_country";s:2:"US";s:8:"test_ipn";s:1:"1";s:15:"handling_amount";s:4:"0.00";s:19:"transaction_subject";s:2:"42";s:13:"payment_gross";s:5:"81.12";s:8:"shipping";s:4:"0.00";s:12:"ipn_track_id";s:13:"ac142f7b35fcd";}

UPDATE ideacoil_idea SET pay_status=1 WHERE idea_id='42'
Calling IPN Script ***********========
Inside IPN Success...
a:41:{s:8:"mc_gross";s:4:"2.00";s:22:"protection_eligibility";s:29:"Partially Eligible - INR Only";s:14:"address_status";s:11:"unconfirmed";s:8:"payer_id";s:13:"74H8W938N9KSN";s:3:"tax";s:4:"0.00";s:14:"address_street";s:23:"342 E 119 Street Apt 2D";s:12:"payment_date";s:25:"14:00:38 Jul 11, 2012 PDT";s:14:"payment_status";s:9:"Completed";s:7:"charset";s:12:"windows-1252";s:11:"address_zip";s:5:"10035";s:10:"first_name";s:5:"Price";s:6:"mc_fee";s:4:"0.36";s:20:"address_country_code";s:2:"US";s:12:"address_name";s:11:"Price Delly";s:14:"notify_version";s:3:"3.4";s:6:"custom";s:2:"59";s:12:"payer_status";s:8:"verified";s:8:"business";s:21:"payments@ideacoil.com";s:15:"address_country";s:13:"United States";s:12:"address_city";s:8:"New York";s:8:"quantity";s:1:"1";s:11:"verify_sign";s:56:"AnNMT7nRteKS2auTkxdsRz9rRvvPAeZITlwAdlmvExIdLhcbbTfDqy9K";s:11:"payer_email";s:19:"dellyp@alum.rpi.edu";s:6:"txn_id";s:17:"63Y38586DD9513150";s:12:"payment_type";s:7:"instant";s:19:"payer_business_name";s:11:"Price Delly";s:9:"last_name";s:5:"Delly";s:13:"address_state";s:2:"NY";s:14:"receiver_email";s:21:"payments@ideacoil.com";s:11:"payment_fee";s:4:"0.36";s:11:"receiver_id";s:13:"Z5F78ZXJ8WA66";s:8:"txn_type";s:10:"web_accept";s:9:"item_name";s:15:"Post Idea price";s:11:"mc_currency";s:3:"USD";s:11:"item_number";s:0:"";s:17:"residence_country";s:2:"US";s:15:"handling_amount";s:4:"0.00";s:19:"transaction_subject";s:2:"59";s:13:"payment_gross";s:4:"2.00";s:8:"shipping";s:4:"0.00";s:12:"ipn_track_id";s:13:"dd00676672aae";}

UPDATE ideacoil_idea SET pay_status=1 WHERE idea_id='59'
Calling IPN Script ***********========
Inside IPN Success...
a:41:{s:8:"mc_gross";s:4:"2.00";s:22:"protection_eligibility";s:29:"Partially Eligible - INR Only";s:14:"address_status";s:11:"unconfirmed";s:8:"payer_id";s:13:"74H8W938N9KSN";s:3:"tax";s:4:"0.00";s:14:"address_street";s:23:"342 E 119 Street Apt 2D";s:12:"payment_date";s:25:"09:27:05 Jul 24, 2012 PDT";s:14:"payment_status";s:9:"Completed";s:7:"charset";s:12:"windows-1252";s:11:"address_zip";s:5:"10035";s:10:"first_name";s:5:"Price";s:6:"mc_fee";s:4:"0.36";s:20:"address_country_code";s:2:"US";s:12:"address_name";s:11:"Price Delly";s:14:"notify_version";s:3:"3.5";s:6:"custom";s:2:"67";s:12:"payer_status";s:8:"verified";s:8:"business";s:21:"payments@ideacoil.com";s:15:"address_country";s:13:"United States";s:12:"address_city";s:8:"New York";s:8:"quantity";s:1:"1";s:11:"verify_sign";s:56:"AZsMAD7lpF53UaZFve4baDUmTCMDAKRf-MDtfSvx4NSznoG2GJ0kJnxy";s:11:"payer_email";s:19:"dellyp@alum.rpi.edu";s:6:"txn_id";s:17:"75A608612N777973T";s:12:"payment_type";s:7:"instant";s:19:"payer_business_name";s:11:"Price Delly";s:9:"last_name";s:5:"Delly";s:13:"address_state";s:2:"NY";s:14:"receiver_email";s:21:"payments@ideacoil.com";s:11:"payment_fee";s:4:"0.36";s:11:"receiver_id";s:13:"Z5F78ZXJ8WA66";s:8:"txn_type";s:10:"web_accept";s:9:"item_name";s:15:"Post Idea price";s:11:"mc_currency";s:3:"USD";s:11:"item_number";s:0:"";s:17:"residence_country";s:2:"US";s:15:"handling_amount";s:4:"0.00";s:19:"transaction_subject";s:2:"67";s:13:"payment_gross";s:4:"2.00";s:8:"shipping";s:4:"0.00";s:12:"ipn_track_id";s:13:"9e262e817e469";}

UPDATE ideacoil_idea SET pay_status=1 WHERE idea_id='67'
Calling IPN Script ***********========
Inside IPN Success...
a:41:{s:8:"mc_gross";s:4:"2.00";s:22:"protection_eligibility";s:29:"Partially Eligible - INR Only";s:14:"address_status";s:11:"unconfirmed";s:8:"payer_id";s:13:"74H8W938N9KSN";s:3:"tax";s:4:"0.00";s:14:"address_street";s:23:"342 E 119 Street Apt 2D";s:12:"payment_date";s:25:"15:42:11 Aug 14, 2012 PDT";s:14:"payment_status";s:9:"Completed";s:7:"charset";s:12:"windows-1252";s:11:"address_zip";s:5:"10035";s:10:"first_name";s:5:"Price";s:6:"mc_fee";s:4:"0.36";s:20:"address_country_code";s:2:"US";s:12:"address_name";s:11:"Price Delly";s:14:"notify_version";s:3:"3.6";s:6:"custom";s:2:"82";s:12:"payer_status";s:8:"verified";s:8:"business";s:21:"payments@ideacoil.com";s:15:"address_country";s:13:"United States";s:12:"address_city";s:8:"New York";s:8:"quantity";s:1:"1";s:11:"verify_sign";s:56:"AOH.JxXLRThnyE4tyiz8f.cTKbR2A97G7EmezxBtVDnMBByK8eY42hQq";s:11:"payer_email";s:19:"dellyp@alum.rpi.edu";s:6:"txn_id";s:17:"4RT70395CV502121X";s:12:"payment_type";s:7:"instant";s:19:"payer_business_name";s:11:"Price Delly";s:9:"last_name";s:5:"Delly";s:13:"address_state";s:2:"NY";s:14:"receiver_email";s:21:"payments@ideacoil.com";s:11:"payment_fee";s:4:"0.36";s:11:"receiver_id";s:13:"Z5F78ZXJ8WA66";s:8:"txn_type";s:10:"web_accept";s:9:"item_name";s:15:"Post Idea price";s:11:"mc_currency";s:3:"USD";s:11:"item_number";s:0:"";s:17:"residence_country";s:2:"US";s:15:"handling_amount";s:4:"0.00";s:19:"transaction_subject";s:2:"82";s:13:"payment_gross";s:4:"2.00";s:8:"shipping";s:4:"0.00";s:12:"ipn_track_id";s:13:"4a31555794918";}

UPDATE ideacoil_idea SET pay_status=1 WHERE idea_id='82'
Calling IPN Script ***********========
Inside IPN Success...
a:41:{s:8:"mc_gross";s:4:"2.00";s:22:"protection_eligibility";s:8:"Eligible";s:14:"address_status";s:9:"confirmed";s:8:"payer_id";s:13:"74H8W938N9KSN";s:3:"tax";s:4:"0.00";s:14:"address_street";s:15:"17 W 123 Street";s:12:"payment_date";s:25:"12:15:22 Sep 05, 2012 PDT";s:14:"payment_status";s:9:"Completed";s:7:"charset";s:12:"windows-1252";s:11:"address_zip";s:5:"10027";s:10:"first_name";s:5:"Price";s:6:"mc_fee";s:4:"0.36";s:20:"address_country_code";s:2:"US";s:12:"address_name";s:11:"Price Delly";s:14:"notify_version";s:3:"3.6";s:6:"custom";s:2:"89";s:12:"payer_status";s:8:"verified";s:8:"business";s:21:"payments@ideacoil.com";s:15:"address_country";s:13:"United States";s:12:"address_city";s:8:"New York";s:8:"quantity";s:1:"1";s:11:"verify_sign";s:56:"A9v5n875ztTiFX7Ax0kwUYuebs1bAd847.f1AMXLJ3WQJZXqlc5IwJZ3";s:11:"payer_email";s:19:"dellyp@alum.rpi.edu";s:6:"txn_id";s:17:"75L47388H74411338";s:12:"payment_type";s:7:"instant";s:19:"payer_business_name";s:11:"Price Delly";s:9:"last_name";s:5:"Delly";s:13:"address_state";s:2:"NY";s:14:"receiver_email";s:21:"payments@ideacoil.com";s:11:"payment_fee";s:4:"0.36";s:11:"receiver_id";s:13:"Z5F78ZXJ8WA66";s:8:"txn_type";s:10:"web_accept";s:9:"item_name";s:15:"Post Idea price";s:11:"mc_currency";s:3:"USD";s:11:"item_number";s:0:"";s:17:"residence_country";s:2:"US";s:15:"handling_amount";s:4:"0.00";s:19:"transaction_subject";s:2:"89";s:13:"payment_gross";s:4:"2.00";s:8:"shipping";s:4:"0.00";s:12:"ipn_track_id";s:13:"1ac08a6851421";}

UPDATE ideacoil_idea SET pay_status=1 WHERE idea_id='89'
Calling IPN Script ***********========
Inside IPN Success...
a:41:{s:8:"mc_gross";s:4:"5.00";s:22:"protection_eligibility";s:8:"Eligible";s:14:"address_status";s:9:"confirmed";s:8:"payer_id";s:13:"74H8W938N9KSN";s:3:"tax";s:4:"0.00";s:14:"address_street";s:17:"17 W 123rd Street";s:12:"payment_date";s:25:"11:59:41 Oct 06, 2012 PDT";s:14:"payment_status";s:9:"Completed";s:7:"charset";s:12:"windows-1252";s:11:"address_zip";s:5:"10027";s:10:"first_name";s:5:"Price";s:6:"mc_fee";s:4:"0.45";s:20:"address_country_code";s:2:"US";s:12:"address_name";s:11:"Price Delly";s:14:"notify_version";s:3:"3.7";s:6:"custom";s:3:"106";s:12:"payer_status";s:8:"verified";s:8:"business";s:21:"payments@ideacoil.com";s:15:"address_country";s:13:"United States";s:12:"address_city";s:8:"New York";s:8:"quantity";s:1:"1";s:11:"verify_sign";s:56:"AUAiBF3Vnt7qprjW-C3CcmS85L8NA0043na6rmXOruM-ZPIOK9iXZeT8";s:11:"payer_email";s:19:"dellyp@alum.rpi.edu";s:6:"txn_id";s:17:"74Y92354DK308625W";s:12:"payment_type";s:7:"instant";s:19:"payer_business_name";s:11:"Price Delly";s:9:"last_name";s:5:"Delly";s:13:"address_state";s:2:"NY";s:14:"receiver_email";s:21:"payments@ideacoil.com";s:11:"payment_fee";s:4:"0.45";s:11:"receiver_id";s:13:"Z5F78ZXJ8WA66";s:8:"txn_type";s:10:"web_accept";s:9:"item_name";s:15:"Post Idea price";s:11:"mc_currency";s:3:"USD";s:11:"item_number";s:0:"";s:17:"residence_country";s:2:"US";s:15:"handling_amount";s:4:"0.00";s:19:"transaction_subject";s:3:"106";s:13:"payment_gross";s:4:"5.00";s:8:"shipping";s:4:"0.00";s:12:"ipn_track_id";s:13:"b91cd1c872964";}

UPDATE ideacoil_idea SET pay_status=1 WHERE idea_id='106'
Calling IPN Script ***********========
Inside IPN Success...
a:41:{s:8:"mc_gross";s:4:"2.50";s:22:"protection_eligibility";s:8:"Eligible";s:14:"address_status";s:9:"confirmed";s:8:"payer_id";s:13:"74H8W938N9KSN";s:3:"tax";s:4:"0.00";s:14:"address_street";s:17:"17 W 123rd Street";s:12:"payment_date";s:25:"11:11:39 Oct 16, 2012 PDT";s:14:"payment_status";s:9:"Completed";s:7:"charset";s:12:"windows-1252";s:11:"address_zip";s:5:"10027";s:10:"first_name";s:5:"Price";s:6:"mc_fee";s:4:"0.37";s:20:"address_country_code";s:2:"US";s:12:"address_name";s:11:"Price Delly";s:14:"notify_version";s:3:"3.7";s:6:"custom";s:3:"126";s:12:"payer_status";s:8:"verified";s:8:"business";s:21:"payments@ideacoil.com";s:15:"address_country";s:13:"United States";s:12:"address_city";s:8:"New York";s:8:"quantity";s:1:"1";s:11:"verify_sign";s:56:"ATnq8J97--MqiXxlEOHewUhNQDr3AJqtYkrJp5B7ggg.D0Qtqb0-5Jea";s:11:"payer_email";s:19:"dellyp@alum.rpi.edu";s:6:"txn_id";s:17:"763796295S914403W";s:12:"payment_type";s:7:"instant";s:19:"payer_business_name";s:11:"Price Delly";s:9:"last_name";s:5:"Delly";s:13:"address_state";s:2:"NY";s:14:"receiver_email";s:21:"payments@ideacoil.com";s:11:"payment_fee";s:4:"0.37";s:11:"receiver_id";s:13:"Z5F78ZXJ8WA66";s:8:"txn_type";s:10:"web_accept";s:9:"item_name";s:15:"Post Idea price";s:11:"mc_currency";s:3:"USD";s:11:"item_number";s:0:"";s:17:"residence_country";s:2:"US";s:15:"handling_amount";s:4:"0.00";s:19:"transaction_subject";s:3:"126";s:13:"payment_gross";s:4:"2.50";s:8:"shipping";s:4:"0.00";s:12:"ipn_track_id";s:12:"b12a8acb0a20";}

UPDATE ideacoil_idea SET pay_status=1 WHERE idea_id='126'
Calling IPN Script ***********========
Inside IPN Success...
a:41:{s:8:"mc_gross";s:4:"2.50";s:22:"protection_eligibility";s:8:"Eligible";s:14:"address_status";s:9:"confirmed";s:8:"payer_id";s:13:"74H8W938N9KSN";s:3:"tax";s:4:"0.00";s:14:"address_street";s:17:"17 W 123rd Street";s:12:"payment_date";s:25:"11:26:21 Oct 16, 2012 PDT";s:14:"payment_status";s:9:"Completed";s:7:"charset";s:12:"windows-1252";s:11:"address_zip";s:5:"10027";s:10:"first_name";s:5:"Price";s:6:"mc_fee";s:4:"0.37";s:20:"address_country_code";s:2:"US";s:12:"address_name";s:11:"Price Delly";s:14:"notify_version";s:3:"3.7";s:6:"custom";s:3:"126";s:12:"payer_status";s:8:"verified";s:8:"business";s:21:"payments@ideacoil.com";s:15:"address_country";s:13:"United States";s:12:"address_city";s:8:"New York";s:8:"quantity";s:1:"1";s:11:"verify_sign";s:56:"AJHjebxh3Qxz5Vdtadm-HDdHv4A1AYvR07IXDt0r8CH1cj1Vsqp82siJ";s:11:"payer_email";s:19:"dellyp@alum.rpi.edu";s:6:"txn_id";s:17:"31A11257NG301162E";s:12:"payment_type";s:7:"instant";s:19:"payer_business_name";s:11:"Price Delly";s:9:"last_name";s:5:"Delly";s:13:"address_state";s:2:"NY";s:14:"receiver_email";s:21:"payments@ideacoil.com";s:11:"payment_fee";s:4:"0.37";s:11:"receiver_id";s:13:"Z5F78ZXJ8WA66";s:8:"txn_type";s:10:"web_accept";s:9:"item_name";s:15:"Post Idea price";s:11:"mc_currency";s:3:"USD";s:11:"item_number";s:0:"";s:17:"residence_country";s:2:"US";s:15:"handling_amount";s:4:"0.00";s:19:"transaction_subject";s:3:"126";s:13:"payment_gross";s:4:"2.50";s:8:"shipping";s:4:"0.00";s:12:"ipn_track_id";s:13:"f50e2aa9d1abc";}

UPDATE ideacoil_idea SET pay_status=1 WHERE idea_id='126'
Calling IPN Script ***********========
Inside IPN Success...
a:41:{s:8:"mc_gross";s:4:"2.50";s:22:"protection_eligibility";s:8:"Eligible";s:14:"address_status";s:9:"confirmed";s:8:"payer_id";s:13:"VQWB7TUYB62TL";s:3:"tax";s:4:"0.00";s:14:"address_street";s:15:"17 W 123 Street";s:12:"payment_date";s:25:"15:25:12 Oct 16, 2012 PDT";s:14:"payment_status";s:9:"Completed";s:7:"charset";s:12:"windows-1252";s:11:"address_zip";s:5:"10027";s:10:"first_name";s:10:"Price-Mars";s:6:"mc_fee";s:4:"0.37";s:20:"address_country_code";s:2:"US";s:12:"address_name";s:19:"Property Roster LLC";s:14:"notify_version";s:3:"3.7";s:6:"custom";s:3:"135";s:12:"payer_status";s:8:"verified";s:8:"business";s:21:"payments@ideacoil.com";s:15:"address_country";s:13:"United States";s:12:"address_city";s:8:"New York";s:8:"quantity";s:1:"1";s:11:"verify_sign";s:56:"AjNG4H.j9XP5JDmRSY54-UnKMFtBA3RVjHDy2H8-VB7ECR9OAau2fy9E";s:11:"payer_email";s:24:"propertyroster@gmail.com";s:6:"txn_id";s:17:"487512219R0740811";s:12:"payment_type";s:7:"instant";s:19:"payer_business_name";s:19:"Property Roster LLC";s:9:"last_name";s:5:"Delly";s:13:"address_state";s:2:"NY";s:14:"receiver_email";s:21:"payments@ideacoil.com";s:11:"payment_fee";s:4:"0.37";s:11:"receiver_id";s:13:"Z5F78ZXJ8WA66";s:8:"txn_type";s:10:"web_accept";s:9:"item_name";s:15:"Post Idea price";s:11:"mc_currency";s:3:"USD";s:11:"item_number";s:0:"";s:17:"residence_country";s:2:"US";s:15:"handling_amount";s:4:"0.00";s:19:"transaction_subject";s:3:"135";s:13:"payment_gross";s:4:"2.50";s:8:"shipping";s:4:"0.00";s:12:"ipn_track_id";s:13:"44e060e3a1773";}

UPDATE ideacoil_idea SET pay_status=1 WHERE idea_id='135'
Calling IPN Script ***********========
Inside IPN Success...
a:41:{s:8:"mc_gross";s:4:"2.50";s:22:"protection_eligibility";s:8:"Eligible";s:14:"address_status";s:9:"confirmed";s:8:"payer_id";s:13:"VQWB7TUYB62TL";s:3:"tax";s:4:"0.00";s:14:"address_street";s:15:"17 W 123 Street";s:12:"payment_date";s:25:"16:30:40 Oct 16, 2012 PDT";s:14:"payment_status";s:9:"Completed";s:7:"charset";s:12:"windows-1252";s:11:"address_zip";s:5:"10027";s:10:"first_name";s:10:"Price-Mars";s:6:"mc_fee";s:4:"0.37";s:20:"address_country_code";s:2:"US";s:12:"address_name";s:19:"Property Roster LLC";s:14:"notify_version";s:3:"3.7";s:6:"custom";s:3:"136";s:12:"payer_status";s:8:"verified";s:8:"business";s:21:"payments@ideacoil.com";s:15:"address_country";s:13:"United States";s:12:"address_city";s:8:"New York";s:8:"quantity";s:1:"1";s:11:"verify_sign";s:56:"Ajmdf9Bq-G9u48C51kJ.n8qvfDJqAvdjbfruAVf9G8ltd7AryEkcBrAx";s:11:"payer_email";s:24:"propertyroster@gmail.com";s:6:"txn_id";s:17:"5Y090653AD279531L";s:12:"payment_type";s:7:"instant";s:19:"payer_business_name";s:19:"Property Roster LLC";s:9:"last_name";s:5:"Delly";s:13:"address_state";s:2:"NY";s:14:"receiver_email";s:21:"payments@ideacoil.com";s:11:"payment_fee";s:4:"0.37";s:11:"receiver_id";s:13:"Z5F78ZXJ8WA66";s:8:"txn_type";s:10:"web_accept";s:9:"item_name";s:15:"Post Idea price";s:11:"mc_currency";s:3:"USD";s:11:"item_number";s:0:"";s:17:"residence_country";s:2:"US";s:15:"handling_amount";s:4:"0.00";s:19:"transaction_subject";s:3:"136";s:13:"payment_gross";s:4:"2.50";s:8:"shipping";s:4:"0.00";s:12:"ipn_track_id";s:13:"351f1ed41c607";}

UPDATE ideacoil_idea SET pay_status=1 WHERE idea_id='136'
Calling IPN Script ***********========
Inside IPN Success...
a:41:{s:8:"mc_gross";s:4:"2.50";s:22:"protection_eligibility";s:8:"Eligible";s:14:"address_status";s:9:"confirmed";s:8:"payer_id";s:13:"VQWB7TUYB62TL";s:3:"tax";s:4:"0.00";s:14:"address_street";s:15:"17 W 123 Street";s:12:"payment_date";s:25:"16:52:08 Oct 16, 2012 PDT";s:14:"payment_status";s:9:"Completed";s:7:"charset";s:12:"windows-1252";s:11:"address_zip";s:5:"10027";s:10:"first_name";s:10:"Price-Mars";s:6:"mc_fee";s:4:"0.37";s:20:"address_country_code";s:2:"US";s:12:"address_name";s:19:"Property Roster LLC";s:14:"notify_version";s:3:"3.7";s:6:"custom";s:3:"137";s:12:"payer_status";s:8:"verified";s:8:"business";s:21:"payments@ideacoil.com";s:15:"address_country";s:13:"United States";s:12:"address_city";s:8:"New York";s:8:"quantity";s:1:"1";s:11:"verify_sign";s:56:"AFyUF6IMAvssa3j4KodlbLnfd.9.Ae-fVFawDHhsOpet4eVjSsow4IEp";s:11:"payer_email";s:24:"propertyroster@gmail.com";s:6:"txn_id";s:17:"70N56006AT4848149";s:12:"payment_type";s:7:"instant";s:19:"payer_business_name";s:19:"Property Roster LLC";s:9:"last_name";s:5:"Delly";s:13:"address_state";s:2:"NY";s:14:"receiver_email";s:21:"payments@ideacoil.com";s:11:"payment_fee";s:4:"0.37";s:11:"receiver_id";s:13:"Z5F78ZXJ8WA66";s:8:"txn_type";s:10:"web_accept";s:9:"item_name";s:15:"Post Idea price";s:11:"mc_currency";s:3:"USD";s:11:"item_number";s:0:"";s:17:"residence_country";s:2:"US";s:15:"handling_amount";s:4:"0.00";s:19:"transaction_subject";s:3:"137";s:13:"payment_gross";s:4:"2.50";s:8:"shipping";s:4:"0.00";s:12:"ipn_track_id";s:13:"11c13fdf173a3";}

UPDATE ideacoil_idea SET pay_status=1 WHERE idea_id='137'
Calling IPN Script ***********========
Inside IPN Success...
a:41:{s:8:"mc_gross";s:4:"2.50";s:22:"protection_eligibility";s:8:"Eligible";s:14:"address_status";s:9:"confirmed";s:8:"payer_id";s:13:"VQWB7TUYB62TL";s:3:"tax";s:4:"0.00";s:14:"address_street";s:15:"17 W 123 Street";s:12:"payment_date";s:25:"18:39:46 Oct 16, 2012 PDT";s:14:"payment_status";s:9:"Completed";s:7:"charset";s:12:"windows-1252";s:11:"address_zip";s:5:"10027";s:10:"first_name";s:10:"Price-Mars";s:6:"mc_fee";s:4:"0.37";s:20:"address_country_code";s:2:"US";s:12:"address_name";s:19:"Property Roster LLC";s:14:"notify_version";s:3:"3.7";s:6:"custom";s:3:"138";s:12:"payer_status";s:8:"verified";s:8:"business";s:21:"payments@ideacoil.com";s:15:"address_country";s:13:"United States";s:12:"address_city";s:8:"New York";s:8:"quantity";s:1:"1";s:11:"verify_sign";s:56:"AiPC9BjkCyDFQXbSkoZcgqH3hpacA4xM.q6A4aEotKG51C78SHcWCsAA";s:11:"payer_email";s:24:"propertyroster@gmail.com";s:6:"txn_id";s:17:"9FK1211580865221E";s:12:"payment_type";s:7:"instant";s:19:"payer_business_name";s:19:"Property Roster LLC";s:9:"last_name";s:5:"Delly";s:13:"address_state";s:2:"NY";s:14:"receiver_email";s:21:"payments@ideacoil.com";s:11:"payment_fee";s:4:"0.37";s:11:"receiver_id";s:13:"Z5F78ZXJ8WA66";s:8:"txn_type";s:10:"web_accept";s:9:"item_name";s:15:"Post Idea price";s:11:"mc_currency";s:3:"USD";s:11:"item_number";s:0:"";s:17:"residence_country";s:2:"US";s:15:"handling_amount";s:4:"0.00";s:19:"transaction_subject";s:3:"138";s:13:"payment_gross";s:4:"2.50";s:8:"shipping";s:4:"0.00";s:12:"ipn_track_id";s:13:"54cf6bef2b936";}

UPDATE ideacoil_idea SET pay_status=1 WHERE idea_id='138'
Calling IPN Script ***********========
Inside IPN Success...
a:41:{s:8:"mc_gross";s:4:"2.50";s:22:"protection_eligibility";s:8:"Eligible";s:14:"address_status";s:9:"confirmed";s:8:"payer_id";s:13:"74H8W938N9KSN";s:3:"tax";s:4:"0.00";s:14:"address_street";s:17:"17 W 123rd Street";s:12:"payment_date";s:25:"08:13:54 Oct 17, 2012 PDT";s:14:"payment_status";s:9:"Completed";s:7:"charset";s:12:"windows-1252";s:11:"address_zip";s:5:"10027";s:10:"first_name";s:5:"Price";s:6:"mc_fee";s:4:"0.37";s:20:"address_country_code";s:2:"US";s:12:"address_name";s:11:"Price Delly";s:14:"notify_version";s:3:"3.7";s:6:"custom";s:3:"140";s:12:"payer_status";s:8:"verified";s:8:"business";s:21:"payments@ideacoil.com";s:15:"address_country";s:13:"United States";s:12:"address_city";s:8:"New York";s:8:"quantity";s:1:"1";s:11:"verify_sign";s:56:"AWHwKBMoVXhTmv6W8P6KccBSLnxQATYxjK3Z58MQbw7aVRTpbzJ.5.Ag";s:11:"payer_email";s:19:"dellyp@alum.rpi.edu";s:6:"txn_id";s:17:"4XD94295RP232984S";s:12:"payment_type";s:7:"instant";s:19:"payer_business_name";s:11:"Price Delly";s:9:"last_name";s:5:"Delly";s:13:"address_state";s:2:"NY";s:14:"receiver_email";s:21:"payments@ideacoil.com";s:11:"payment_fee";s:4:"0.37";s:11:"receiver_id";s:13:"Z5F78ZXJ8WA66";s:8:"txn_type";s:10:"web_accept";s:9:"item_name";s:15:"Post Idea price";s:11:"mc_currency";s:3:"USD";s:11:"item_number";s:0:"";s:17:"residence_country";s:2:"US";s:15:"handling_amount";s:4:"0.00";s:19:"transaction_subject";s:3:"140";s:13:"payment_gross";s:4:"2.50";s:8:"shipping";s:4:"0.00";s:12:"ipn_track_id";s:13:"3a26864c89722";}

UPDATE ideacoil_idea SET pay_status=1 WHERE idea_id='140'
Calling IPN Script ***********========
Inside IPN Success...
a:41:{s:8:"mc_gross";s:4:"1.00";s:22:"protection_eligibility";s:8:"Eligible";s:14:"address_status";s:9:"confirmed";s:8:"payer_id";s:13:"VQWB7TUYB62TL";s:3:"tax";s:4:"0.00";s:14:"address_street";s:15:"17 W 123 Street";s:12:"payment_date";s:25:"14:23:50 Nov 26, 2012 PST";s:14:"payment_status";s:9:"Completed";s:7:"charset";s:12:"windows-1252";s:11:"address_zip";s:5:"10027";s:10:"first_name";s:10:"Price-Mars";s:6:"mc_fee";s:4:"0.33";s:20:"address_country_code";s:2:"US";s:12:"address_name";s:19:"Property Roster LLC";s:14:"notify_version";s:3:"3.7";s:6:"custom";s:3:"259";s:12:"payer_status";s:8:"verified";s:8:"business";s:21:"payments@ideacoil.com";s:15:"address_country";s:13:"United States";s:12:"address_city";s:8:"New York";s:8:"quantity";s:1:"1";s:11:"verify_sign";s:56:"ArTb5SwMsfi-.HeM9oVRpyzRq5-mAboi6jBolvZBWlU6oCDKmnFsNl2C";s:11:"payer_email";s:24:"propertyroster@gmail.com";s:6:"txn_id";s:17:"21W91635Y5423883J";s:12:"payment_type";s:7:"instant";s:19:"payer_business_name";s:19:"Property Roster LLC";s:9:"last_name";s:5:"Delly";s:13:"address_state";s:2:"NY";s:14:"receiver_email";s:21:"payments@ideacoil.com";s:11:"payment_fee";s:4:"0.33";s:11:"receiver_id";s:13:"Z5F78ZXJ8WA66";s:8:"txn_type";s:10:"web_accept";s:9:"item_name";s:15:"Post Idea price";s:11:"mc_currency";s:3:"USD";s:11:"item_number";s:0:"";s:17:"residence_country";s:2:"US";s:15:"handling_amount";s:4:"0.00";s:19:"transaction_subject";s:3:"259";s:13:"payment_gross";s:4:"1.00";s:8:"shipping";s:4:"0.00";s:12:"ipn_track_id";s:13:"ac6cbad2b2441";}

UPDATE ideacoil_idea SET pay_status=1 WHERE idea_id='259'
Calling IPN Script ***********========
Inside IPN Success...
a:41:{s:8:"mc_gross";s:4:"4.00";s:22:"protection_eligibility";s:8:"Eligible";s:14:"address_status";s:9:"confirmed";s:8:"payer_id";s:13:"74H8W938N9KSN";s:3:"tax";s:4:"0.00";s:14:"address_street";s:17:"17 W 123rd Street";s:12:"payment_date";s:25:"12:33:59 Jan 09, 2013 PST";s:14:"payment_status";s:9:"Completed";s:7:"charset";s:12:"windows-1252";s:11:"address_zip";s:5:"10027";s:10:"first_name";s:5:"Price";s:6:"mc_fee";s:4:"0.42";s:20:"address_country_code";s:2:"US";s:12:"address_name";s:11:"Price Delly";s:14:"notify_version";s:3:"3.7";s:6:"custom";s:3:"288";s:12:"payer_status";s:8:"verified";s:8:"business";s:21:"payments@ideacoil.com";s:15:"address_country";s:13:"United States";s:12:"address_city";s:8:"New York";s:8:"quantity";s:1:"1";s:11:"verify_sign";s:56:"A2tdvUkcYaZVGA2uAhdgXI2wjoIYAsz-xTEg256jhf.nLgbz2XvUI6HD";s:11:"payer_email";s:19:"dellyp@alum.rpi.edu";s:6:"txn_id";s:17:"4AV57025Y6905851V";s:12:"payment_type";s:7:"instant";s:19:"payer_business_name";s:11:"Price Delly";s:9:"last_name";s:5:"Delly";s:13:"address_state";s:2:"NY";s:14:"receiver_email";s:21:"payments@ideacoil.com";s:11:"payment_fee";s:4:"0.42";s:11:"receiver_id";s:13:"Z5F78ZXJ8WA66";s:8:"txn_type";s:10:"web_accept";s:9:"item_name";s:15:"Post Idea price";s:11:"mc_currency";s:3:"USD";s:11:"item_number";s:0:"";s:17:"residence_country";s:2:"US";s:15:"handling_amount";s:4:"0.00";s:19:"transaction_subject";s:3:"288";s:13:"payment_gross";s:4:"4.00";s:8:"shipping";s:4:"0.00";s:12:"ipn_track_id";s:13:"ec5bf7f436801";}

UPDATE ideacoil_idea SET pay_status=1 WHERE idea_id='288'
Calling IPN Script ***********========
Inside IPN Success...
a:41:{s:8:"mc_gross";s:4:"2.65";s:22:"protection_eligibility";s:8:"Eligible";s:14:"address_status";s:9:"confirmed";s:8:"payer_id";s:13:"74H8W938N9KSN";s:3:"tax";s:4:"0.00";s:14:"address_street";s:17:"17 W 123rd Street";s:12:"payment_date";s:25:"08:55:49 Jan 13, 2013 PST";s:14:"payment_status";s:9:"Completed";s:7:"charset";s:12:"windows-1252";s:11:"address_zip";s:5:"10027";s:10:"first_name";s:5:"Price";s:6:"mc_fee";s:4:"0.38";s:20:"address_country_code";s:2:"US";s:12:"address_name";s:11:"Price Delly";s:14:"notify_version";s:3:"3.7";s:6:"custom";s:3:"291";s:12:"payer_status";s:8:"verified";s:8:"business";s:21:"payments@ideacoil.com";s:15:"address_country";s:13:"United States";s:12:"address_city";s:8:"New York";s:8:"quantity";s:1:"1";s:11:"verify_sign";s:56:"At1RsbT0KeDsX2FPVA44EC9a630WAcm.jVI4fLFeiOSvVzY2lO8l1lCS";s:11:"payer_email";s:19:"dellyp@alum.rpi.edu";s:6:"txn_id";s:17:"555844420L405862R";s:12:"payment_type";s:7:"instant";s:19:"payer_business_name";s:11:"Price Delly";s:9:"last_name";s:5:"Delly";s:13:"address_state";s:2:"NY";s:14:"receiver_email";s:21:"payments@ideacoil.com";s:11:"payment_fee";s:4:"0.38";s:11:"receiver_id";s:13:"Z5F78ZXJ8WA66";s:8:"txn_type";s:10:"web_accept";s:9:"item_name";s:15:"Post Idea price";s:11:"mc_currency";s:3:"USD";s:11:"item_number";s:0:"";s:17:"residence_country";s:2:"US";s:15:"handling_amount";s:4:"0.00";s:19:"transaction_subject";s:3:"291";s:13:"payment_gross";s:4:"2.65";s:8:"shipping";s:4:"0.00";s:12:"ipn_track_id";s:13:"2edc010b3beba";}

UPDATE ideacoil_idea SET pay_status=1 WHERE idea_id='291'
Calling IPN Script ***********========
Inside IPN Success...
a:41:{s:8:"mc_gross";s:4:"4.40";s:22:"protection_eligibility";s:8:"Eligible";s:14:"address_status";s:9:"confirmed";s:8:"payer_id";s:13:"X5C6AG6ARRSG2";s:3:"tax";s:4:"0.00";s:14:"address_street";s:9:"1 Main St";s:12:"payment_date";s:25:"23:58:09 Jan 17, 2013 PST";s:14:"payment_status";s:9:"Completed";s:7:"charset";s:12:"windows-1252";s:11:"address_zip";s:5:"95131";s:10:"first_name";s:4:"Amit";s:6:"mc_fee";s:4:"0.43";s:20:"address_country_code";s:2:"US";s:12:"address_name";s:13:"Amit Banerjee";s:14:"notify_version";s:3:"3.7";s:6:"custom";s:3:"283";s:12:"payer_status";s:10:"unverified";s:8:"business";s:31:"amit.u_1346333240_biz@gmail.com";s:15:"address_country";s:13:"United States";s:12:"address_city";s:8:"San Jose";s:8:"quantity";s:1:"1";s:11:"verify_sign";s:56:"A9VdZIkYCfyIHoyHHBGwgpJSKjHjA8pF605Kl-dZsCphUBzwt4ytNkNC";s:11:"payer_email";s:31:"amit.u_1345526090_per@gmail.com";s:6:"txn_id";s:17:"33U78934485961350";s:12:"payment_type";s:7:"instant";s:9:"last_name";s:8:"Banerjee";s:13:"address_state";s:2:"CA";s:14:"receiver_email";s:31:"amit.u_1346333240_biz@gmail.com";s:11:"payment_fee";s:4:"0.43";s:11:"receiver_id";s:13:"YTWE568QMNGA4";s:8:"txn_type";s:10:"web_accept";s:9:"item_name";s:15:"Post Idea price";s:11:"mc_currency";s:3:"USD";s:11:"item_number";s:0:"";s:17:"residence_country";s:2:"US";s:8:"test_ipn";s:1:"1";s:15:"handling_amount";s:4:"0.00";s:19:"transaction_subject";s:3:"283";s:13:"payment_gross";s:4:"4.40";s:8:"shipping";s:4:"0.00";s:12:"ipn_track_id";s:13:"8eae355737fc4";}

UPDATE ideacoil_idea SET pay_status=1 WHERE idea_id='283'
Calling IPN Script ***********========
Inside IPN Success...
a:38:{s:8:"mc_gross";s:4:"4.40";s:22:"protection_eligibility";s:10:"Ineligible";s:14:"address_status";s:9:"confirmed";s:8:"payer_id";s:13:"X5C6AG6ARRSG2";s:3:"tax";s:4:"0.00";s:14:"address_street";s:9:"1 Main St";s:12:"payment_date";s:25:"00:20:07 Jan 18, 2013 PST";s:14:"payment_status";s:7:"Pending";s:7:"charset";s:12:"windows-1252";s:11:"address_zip";s:5:"95131";s:10:"first_name";s:4:"Amit";s:20:"address_country_code";s:2:"US";s:12:"address_name";s:13:"Amit Banerjee";s:14:"notify_version";s:3:"3.7";s:6:"custom";s:3:"283";s:12:"payer_status";s:10:"unverified";s:15:"address_country";s:13:"United States";s:12:"address_city";s:8:"San Jose";s:8:"quantity";s:1:"1";s:11:"verify_sign";s:56:"AbM4jxJHnKmrwcNfM9dsmaeXPgPbAs9Lvus131IgcfMwYTBi0QyIJ-BA";s:11:"payer_email";s:31:"amit.u_1345526090_per@gmail.com";s:6:"txn_id";s:17:"1NM780426V1478401";s:12:"payment_type";s:7:"instant";s:9:"last_name";s:8:"Banerjee";s:13:"address_state";s:2:"CA";s:14:"receiver_email";s:32:"amit1.u_1346333240_biz@gmail.com";s:14:"pending_reason";s:10:"unilateral";s:8:"txn_type";s:10:"web_accept";s:9:"item_name";s:15:"Post Idea price";s:11:"mc_currency";s:3:"USD";s:11:"item_number";s:0:"";s:17:"residence_country";s:2:"US";s:8:"test_ipn";s:1:"1";s:15:"handling_amount";s:4:"0.00";s:19:"transaction_subject";s:3:"283";s:13:"payment_gross";s:4:"4.40";s:8:"shipping";s:4:"0.00";s:12:"ipn_track_id";s:12:"1b76d2eeddce";}

UPDATE ideacoil_idea SET pay_status=1 WHERE idea_id='283'
Calling IPN Script ***********========
Inside IPN Success...
a:38:{s:8:"mc_gross";s:4:"4.40";s:22:"protection_eligibility";s:10:"Ineligible";s:14:"address_status";s:9:"confirmed";s:8:"payer_id";s:13:"X5C6AG6ARRSG2";s:3:"tax";s:4:"0.00";s:14:"address_street";s:9:"1 Main St";s:12:"payment_date";s:25:"01:06:15 Jan 18, 2013 PST";s:14:"payment_status";s:7:"Pending";s:7:"charset";s:12:"windows-1252";s:11:"address_zip";s:5:"95131";s:10:"first_name";s:4:"Amit";s:20:"address_country_code";s:2:"US";s:12:"address_name";s:13:"Amit Banerjee";s:14:"notify_version";s:3:"3.7";s:6:"custom";s:3:"283";s:12:"payer_status";s:10:"unverified";s:15:"address_country";s:13:"United States";s:12:"address_city";s:8:"San Jose";s:8:"quantity";s:1:"1";s:11:"verify_sign";s:56:"AAOlXnm82C0CEAWGixiYCNAZjPSJACEsWM5kB.8uN4q0Msqz2E.TZRoe";s:11:"payer_email";s:31:"amit.u_1345526090_per@gmail.com";s:6:"txn_id";s:17:"8DN057812J756222X";s:12:"payment_type";s:7:"instant";s:9:"last_name";s:8:"Banerjee";s:13:"address_state";s:2:"CA";s:14:"receiver_email";s:26:"amit1.u_1346_biz@gmail.com";s:14:"pending_reason";s:10:"unilateral";s:8:"txn_type";s:10:"web_accept";s:9:"item_name";s:15:"Post Idea price";s:11:"mc_currency";s:3:"USD";s:11:"item_number";s:0:"";s:17:"residence_country";s:2:"US";s:8:"test_ipn";s:1:"1";s:15:"handling_amount";s:4:"0.00";s:19:"transaction_subject";s:3:"283";s:13:"payment_gross";s:4:"4.40";s:8:"shipping";s:4:"0.00";s:12:"ipn_track_id";s:13:"d693d31c8b7a9";}

UPDATE ideacoil_idea SET pay_status=1 WHERE idea_id='283'
Calling IPN Script ***********========
Inside IPN Success...
a:41:{s:8:"mc_gross";s:4:"4.40";s:22:"protection_eligibility";s:8:"Eligible";s:14:"address_status";s:9:"confirmed";s:8:"payer_id";s:13:"X5C6AG6ARRSG2";s:3:"tax";s:4:"0.00";s:14:"address_street";s:9:"1 Main St";s:12:"payment_date";s:25:"01:34:39 Jan 18, 2013 PST";s:14:"payment_status";s:9:"Completed";s:7:"charset";s:12:"windows-1252";s:11:"address_zip";s:5:"95131";s:10:"first_name";s:4:"Amit";s:6:"mc_fee";s:4:"0.43";s:20:"address_country_code";s:2:"US";s:12:"address_name";s:13:"Amit Banerjee";s:14:"notify_version";s:3:"3.7";s:6:"custom";s:7:"283-104";s:12:"payer_status";s:10:"unverified";s:8:"business";s:31:"amit.u_1346333240_biz@gmail.com";s:15:"address_country";s:13:"United States";s:12:"address_city";s:8:"San Jose";s:8:"quantity";s:1:"1";s:11:"verify_sign";s:56:"Ax96ujpRn9KXx5fy3tHcFwhgk4H-AIU275htB8ouNLwJtnyz32b7OJ8e";s:11:"payer_email";s:31:"amit.u_1345526090_per@gmail.com";s:6:"txn_id";s:17:"53E49885DT240741W";s:12:"payment_type";s:7:"instant";s:9:"last_name";s:8:"Banerjee";s:13:"address_state";s:2:"CA";s:14:"receiver_email";s:31:"amit.u_1346333240_biz@gmail.com";s:11:"payment_fee";s:4:"0.43";s:11:"receiver_id";s:13:"YTWE568QMNGA4";s:8:"txn_type";s:10:"web_accept";s:9:"item_name";s:15:"Post Idea price";s:11:"mc_currency";s:3:"USD";s:11:"item_number";s:0:"";s:17:"residence_country";s:2:"US";s:8:"test_ipn";s:1:"1";s:15:"handling_amount";s:4:"0.00";s:19:"transaction_subject";s:7:"283-104";s:13:"payment_gross";s:4:"4.40";s:8:"shipping";s:4:"0.00";s:12:"ipn_track_id";s:13:"95913ea433ba5";}

UPDATE ideacoil_idea SET pay_status=1 WHERE idea_id='283'
Calling IPN Script ***********========
Inside IPN Success...
a:41:{s:8:"mc_gross";s:4:"4.40";s:22:"protection_eligibility";s:8:"Eligible";s:14:"address_status";s:9:"confirmed";s:8:"payer_id";s:13:"X5C6AG6ARRSG2";s:3:"tax";s:4:"0.00";s:14:"address_street";s:9:"1 Main St";s:12:"payment_date";s:25:"02:00:53 Jan 18, 2013 PST";s:14:"payment_status";s:9:"Completed";s:7:"charset";s:12:"windows-1252";s:11:"address_zip";s:5:"95131";s:10:"first_name";s:4:"Amit";s:6:"mc_fee";s:4:"0.43";s:20:"address_country_code";s:2:"US";s:12:"address_name";s:13:"Amit Banerjee";s:14:"notify_version";s:3:"3.7";s:6:"custom";s:7:"283-105";s:12:"payer_status";s:10:"unverified";s:8:"business";s:31:"amit.u_1346333240_biz@gmail.com";s:15:"address_country";s:13:"United States";s:12:"address_city";s:8:"San Jose";s:8:"quantity";s:1:"1";s:11:"verify_sign";s:56:"ARjEewrbeFuj0rBZ-ri2qHbIoyENAyx0Xy-eRIk0ngOwFnvTFO3pnP6H";s:11:"payer_email";s:31:"amit.u_1345526090_per@gmail.com";s:6:"txn_id";s:17:"9JY85540WL377705E";s:12:"payment_type";s:7:"instant";s:9:"last_name";s:8:"Banerjee";s:13:"address_state";s:2:"CA";s:14:"receiver_email";s:31:"amit.u_1346333240_biz@gmail.com";s:11:"payment_fee";s:4:"0.43";s:11:"receiver_id";s:13:"YTWE568QMNGA4";s:8:"txn_type";s:10:"web_accept";s:9:"item_name";s:15:"Post Idea price";s:11:"mc_currency";s:3:"USD";s:11:"item_number";s:0:"";s:17:"residence_country";s:2:"US";s:8:"test_ipn";s:1:"1";s:15:"handling_amount";s:4:"0.00";s:19:"transaction_subject";s:7:"283-105";s:13:"payment_gross";s:4:"4.40";s:8:"shipping";s:4:"0.00";s:12:"ipn_track_id";s:13:"fdfe03d86fa14";}

UPDATE ideacoil_idea SET pay_status=1 WHERE idea_id='283'
